2026-01-21 16:51:01,621 - INFO - 进入保存登录状态模式...
2026-01-21 16:51:01,621 - INFO - 请在打开的浏览器中登录店小秘
2026-01-21 16:51:06,140 - INFO - 未找到登录状态，使用新会话
2026-01-21 16:51:08,477 - INFO - 请在浏览器中完成登录...
2026-01-21 16:51:08,478 - INFO - 脚本会自动检测登录成功并保存状态
2026-01-21 16:51:18,492 - INFO - 等待登录中... (10秒)
2026-01-21 16:51:28,514 - INFO - 等待登录中... (20秒)
2026-01-21 16:51:38,530 - INFO - 等待登录中... (30秒)
2026-01-21 16:51:48,544 - INFO - 等待登录中... (40秒)
2026-01-21 16:51:58,559 - INFO - 等待登录中... (50秒)
2026-01-21 16:52:08,581 - INFO - 等待登录中... (60秒)
2026-01-21 16:52:18,600 - INFO - 等待登录中... (70秒)
2026-01-21 16:52:28,618 - INFO - 等待登录中... (80秒)
2026-01-21 16:52:38,636 - INFO - 等待登录中... (90秒)
2026-01-21 16:52:48,654 - INFO - 等待登录中... (100秒)
2026-01-21 16:52:58,675 - INFO - 等待登录中... (110秒)
2026-01-21 16:53:08,694 - INFO - 等待登录中... (120秒)
2026-01-21 16:53:18,714 - INFO - 等待登录中... (130秒)
2026-01-21 16:53:36,852 - INFO - 进入保存登录状态模式...
2026-01-21 16:53:36,852 - INFO - 请在打开的浏览器中登录店小秘
2026-01-21 16:53:37,955 - INFO - 未找到登录状态，使用新会话
2026-01-21 16:53:39,473 - INFO - 请在浏览器中完成登录...
2026-01-21 16:53:39,473 - INFO - 脚本会自动检测登录成功并保存状态
2026-01-21 16:53:49,490 - INFO - 等待登录中... (10秒)
2026-01-21 16:53:59,512 - INFO - 等待登录中... (20秒)
2026-01-21 16:54:09,530 - INFO - 等待登录中... (30秒)
2026-01-21 16:54:19,546 - INFO - 等待登录中... (40秒)
2026-01-21 16:54:44,471 - INFO - 进入保存登录状态模式...
2026-01-21 16:54:44,471 - INFO - 请在打开的浏览器中登录店小秘
2026-01-21 16:54:45,592 - INFO - 未找到登录状态，使用新会话
2026-01-21 16:54:49,930 - INFO - 请在浏览器中完成登录...
2026-01-21 16:54:49,931 - INFO - 脚本会自动检测登录成功并保存状态
2026-01-21 16:54:49,931 - INFO - 检测到登录成功!
2026-01-21 16:54:49,941 - INFO - 登录状态已保存到: /Users/zhangheng/Library/Containers/tvp.XP3Player.free/Data/Documents/codes/dxm-automation/config/auth_state.json
2026-01-21 16:54:49,941 - INFO - 登录状态已保存!
2026-01-21 16:54:56,146 - INFO - ==================================================
2026-01-21 16:54:56,146 - INFO - 开始自动配对流程
2026-01-21 16:54:56,146 - INFO - 日期: 0121
2026-01-21 16:54:56,146 - INFO - 最大处理数量: 5
2026-01-21 16:54:56,147 - INFO - ==================================================
2026-01-21 16:54:56,670 - INFO - 加载已保存的登录状态...
2026-01-21 16:54:57,744 - INFO - 访问订单页面: https://www.dianxiaomi.com/web/order/paid?go=m100
2026-01-21 16:55:07,736 - WARNING - 未登录，需要手动登录
2026-01-21 16:55:07,736 - INFO - 请在浏览器中手动登录店小秘...
2026-01-21 16:55:07,736 - INFO - 登录成功后，脚本将自动继续
2026-01-21 17:00:27,174 - INFO - ==================================================
2026-01-21 17:00:27,174 - INFO - 开始自动配对流程
2026-01-21 17:00:27,174 - INFO - 日期: 0121
2026-01-21 17:00:27,174 - INFO - 最大处理数量: 5
2026-01-21 17:00:27,174 - INFO - ==================================================
2026-01-21 17:00:28,285 - INFO - 加载已保存的登录状态...
2026-01-21 17:00:29,451 - INFO - 访问订单页面: https://dianxiaomi.com/web/order/paid?go=m100
2026-01-21 17:00:47,600 - INFO - 筛选未配对 SKU 订单...
2026-01-21 17:01:17,703 - WARNING - 筛选超时，可能没有未配对订单
2026-01-21 17:01:27,712 - WARNING - 获取订单列表超时
2026-01-21 17:01:27,714 - INFO - 没有找到未配对订单
2026-01-21 17:06:27,618 - INFO - ==================================================
2026-01-21 17:06:27,618 - INFO - 开始自动配对流程
2026-01-21 17:06:27,618 - INFO - 日期: 0121
2026-01-21 17:06:27,618 - INFO - 最大处理数量: 3
2026-01-21 17:06:27,618 - INFO - ==================================================
2026-01-21 17:06:28,765 - INFO - 加载已保存的登录状态...
2026-01-21 17:06:29,997 - INFO - 访问订单页面: https://dianxiaomi.com/web/order/paid?go=m100
2026-01-21 17:06:48,385 - INFO - 筛选未配对 SKU 订单...
2026-01-21 17:06:50,397 - WARNING - 未找到'未配对SKU'筛选选项
2026-01-21 17:06:52,413 - INFO - 尝试通过订单号查找订单...
2026-01-21 17:06:52,416 - INFO - 找到 0 个订单
2026-01-21 17:06:52,416 - INFO - 没有找到未配对订单
2026-01-21 17:07:21,176 - INFO - ==================================================
2026-01-21 17:07:21,176 - INFO - 开始自动配对流程
2026-01-21 17:07:21,176 - INFO - 日期: 0121
2026-01-21 17:07:21,176 - INFO - 最大处理数量: 3
2026-01-21 17:07:21,176 - INFO - ==================================================
2026-01-21 17:07:22,321 - INFO - 加载已保存的登录状态...
2026-01-21 17:07:23,293 - INFO - 访问订单页面: https://dianxiaomi.com/web/order/paid?go=m100
2026-01-21 17:07:41,537 - INFO - 筛选未配对 SKU 订单...
2026-01-21 17:07:45,446 - INFO - 截图已保存: /Users/zhangheng/Library/Containers/tvp.XP3Player.free/Data/Documents/codes/dxm-automation/logs/debug/before_filter.png
2026-01-21 17:07:45,495 - INFO - HTML已保存: /Users/zhangheng/Library/Containers/tvp.XP3Player.free/Data/Documents/codes/dxm-automation/logs/debug/before_filter.html
2026-01-21 17:07:45,683 - WARNING - 未找到'未配对SKU'筛选选项
2026-01-21 17:07:45,783 - INFO - 截图已保存: /Users/zhangheng/Library/Containers/tvp.XP3Player.free/Data/Documents/codes/dxm-automation/logs/debug/filter_not_found.png
2026-01-21 17:07:45,791 - INFO - HTML已保存: /Users/zhangheng/Library/Containers/tvp.XP3Player.free/Data/Documents/codes/dxm-automation/logs/debug/filter_not_found.html
2026-01-21 17:07:47,816 - INFO - 尝试通过订单号查找订单...
2026-01-21 17:07:47,822 - INFO - 找到 0 个订单
2026-01-21 17:07:47,822 - INFO - 没有找到未配对订单
2026-01-21 17:08:05,664 - INFO - 进入保存登录状态模式...
2026-01-21 17:08:05,664 - INFO - 请在打开的浏览器中登录店小秘
2026-01-21 17:08:06,679 - INFO - 加载已保存的登录状态...
2026-01-21 17:08:11,527 - INFO - 请在浏览器中完成登录...
2026-01-21 17:08:11,528 - INFO - 脚本会自动检测登录成功并保存状态
2026-01-21 17:08:11,528 - INFO - 检测到登录成功!
2026-01-21 17:08:11,533 - INFO - 登录状态已保存到: /Users/zhangheng/Library/Containers/tvp.XP3Player.free/Data/Documents/codes/dxm-automation/config/auth_state.json
2026-01-21 17:08:11,533 - INFO - 登录状态已保存!
2026-01-21 17:08:32,996 - INFO - 进入保存登录状态模式...
2026-01-21 17:08:32,996 - INFO - 请在打开的浏览器中登录店小秘
2026-01-21 17:08:34,042 - INFO - 加载已保存的登录状态...
2026-01-21 17:08:39,447 - INFO - 请在浏览器中完成登录...
2026-01-21 17:08:39,447 - INFO - 脚本会自动检测登录成功并保存状态
2026-01-21 17:08:49,502 - INFO - 等待登录中... (10秒)
2026-01-21 17:08:59,552 - INFO - 等待登录中... (20秒)
2026-01-21 17:09:09,605 - INFO - 等待登录中... (30秒)
2026-01-21 17:09:19,659 - INFO - 等待登录中... (40秒)
2026-01-21 17:09:29,721 - INFO - 等待登录中... (50秒)
2026-01-21 17:09:39,780 - INFO - 等待登录中... (60秒)
2026-01-21 17:09:50,063 - INFO - 等待登录中... (70秒)
2026-01-21 17:10:00,109 - INFO - 等待登录中... (80秒)
2026-01-21 17:10:10,193 - INFO - 等待登录中... (90秒)
2026-01-21 17:10:20,252 - INFO - 等待登录中... (100秒)
2026-01-21 17:10:30,336 - INFO - 等待登录中... (110秒)
2026-01-21 17:10:40,400 - INFO - 等待登录中... (120秒)
2026-01-21 17:10:50,460 - INFO - 等待登录中... (130秒)
2026-01-21 17:11:00,505 - INFO - 等待登录中... (140秒)
2026-01-21 17:11:10,560 - INFO - 等待登录中... (150秒)
2026-01-21 17:11:20,622 - INFO - 等待登录中... (160秒)
2026-01-21 17:11:30,679 - INFO - 等待登录中... (170秒)
2026-01-21 17:11:40,738 - INFO - 等待登录中... (180秒)
2026-01-21 17:11:50,794 - INFO - 等待登录中... (190秒)
2026-01-21 17:12:00,843 - INFO - 等待登录中... (200秒)
2026-01-21 17:12:10,895 - INFO - 等待登录中... (210秒)
2026-01-21 17:12:20,940 - INFO - 等待登录中... (220秒)
2026-01-21 17:12:30,993 - INFO - 等待登录中... (230秒)
2026-01-21 17:12:41,037 - INFO - 等待登录中... (240秒)
2026-01-21 17:12:51,097 - INFO - 等待登录中... (250秒)
2026-01-21 17:13:01,143 - INFO - 等待登录中... (260秒)
2026-01-21 17:13:11,193 - INFO - 等待登录中... (270秒)
2026-01-21 17:13:21,244 - INFO - 等待登录中... (280秒)
2026-01-21 17:13:31,296 - INFO - 等待登录中... (290秒)
2026-01-21 17:13:41,351 - INFO - 等待登录中... (300秒)
2026-01-21 17:13:41,351 - WARNING - 等待登录超时
2026-01-21 17:23:51,665 - INFO - ==================================================
2026-01-21 17:23:51,666 - INFO - 开始自动配对流程
2026-01-21 17:23:51,666 - INFO - 日期: 0121
2026-01-21 17:23:51,666 - INFO - 最大处理数量: 1
2026-01-21 17:23:51,666 - INFO - ==================================================
2026-01-21 17:23:52,839 - INFO - 加载已保存的登录状态...
2026-01-21 17:23:54,073 - INFO - 访问订单页面: https://dianxiaomi.com/web/order/paid?go=m100
2026-01-21 17:28:06,332 - INFO - 进入保存登录状态模式...
2026-01-21 17:28:06,332 - INFO - 请在打开的浏览器中登录店小秘
2026-01-21 17:28:07,615 - INFO - 未找到登录状态，使用新会话
2026-01-21 17:28:11,793 - INFO - 请在浏览器中完成登录...
2026-01-21 17:28:11,794 - INFO - 脚本会自动检测登录成功并保存状态
2026-01-21 17:30:30,758 - INFO - 进入保存登录状态模式...
2026-01-21 17:30:30,759 - INFO - 请在打开的浏览器中登录店小秘
2026-01-21 17:30:31,908 - INFO - 未找到登录状态，使用新会话
2026-01-21 17:30:36,203 - INFO - 请在浏览器中完成登录...
2026-01-21 17:30:36,203 - INFO - 脚本会自动检测登录成功并保存状态
2026-01-21 17:30:46,268 - INFO - 等待登录中... (10秒)
2026-01-21 17:30:56,318 - INFO - 等待登录中... (20秒)
2026-01-21 17:31:06,454 - INFO - 等待登录中... (30秒)
2026-01-21 17:31:16,541 - INFO - 等待登录中... (40秒)
2026-01-21 17:31:26,627 - INFO - 等待登录中... (50秒)
2026-01-21 17:31:36,711 - INFO - 等待登录中... (60秒)
2026-01-21 17:31:46,787 - INFO - 等待登录中... (70秒)
2026-01-21 17:31:56,877 - INFO - 等待登录中... (80秒)
2026-01-21 17:32:06,963 - INFO - 等待登录中... (90秒)
2026-01-21 17:32:17,029 - INFO - 等待登录中... (100秒)
2026-01-21 17:32:27,096 - INFO - 等待登录中... (110秒)
2026-01-21 17:32:37,173 - INFO - 等待登录中... (120秒)
2026-01-21 17:32:47,255 - INFO - 等待登录中... (130秒)
2026-01-21 17:33:48,841 - INFO - 进入保存登录状态模式...
2026-01-21 17:33:48,842 - INFO - 请在打开的浏览器中登录店小秘
2026-01-21 17:33:49,982 - INFO - 未找到登录状态，使用新会话
2026-01-21 17:33:54,402 - INFO - 请在浏览器中完成登录...
2026-01-21 17:33:54,402 - INFO - 脚本会自动检测登录成功并保存状态
2026-01-21 17:34:04,460 - INFO - 等待登录中... (10秒)
2026-01-21 17:34:14,519 - INFO - 等待登录中... (20秒)
2026-01-21 17:34:24,594 - INFO - 等待登录中... (30秒)
2026-01-21 17:35:02,512 - INFO - 进入保存登录状态模式...
2026-01-21 17:35:02,512 - INFO - 请在打开的浏览器中登录店小秘
2026-01-21 17:35:03,601 - INFO - 未找到登录状态，使用新会话
2026-01-21 17:35:08,096 - INFO - 请在浏览器中完成登录...
2026-01-21 17:35:08,096 - INFO - 脚本会自动检测登录成功并保存状态
2026-01-21 17:35:18,184 - INFO - 等待登录中... (10秒)
2026-01-21 17:35:28,577 - INFO - 等待登录中... (20秒)
2026-01-21 17:35:28,579 - INFO - 检测到登录成功!
2026-01-21 17:35:28,878 - INFO - 登录状态已保存到: /Users/zhangheng/Library/Containers/tvp.XP3Player.free/Data/Documents/codes/dxm-automation/config/auth_state.json
2026-01-21 17:35:28,878 - INFO - 登录状态已保存!
2026-01-21 17:35:51,435 - INFO - ==================================================
2026-01-21 17:35:51,435 - INFO - 开始自动配对流程
2026-01-21 17:35:51,435 - INFO - 日期: 0121
2026-01-21 17:35:51,435 - INFO - 最大处理数量: 1
2026-01-21 17:35:51,435 - INFO - ==================================================
2026-01-21 17:35:52,119 - INFO - 加载已保存的登录状态...
2026-01-21 17:35:53,080 - INFO - 访问订单页面: https://www.dianxiaomi.com/web/order/paid?go=m100
2026-01-21 17:36:01,902 - INFO - 筛选未配对 SKU 订单...
2026-01-21 17:36:05,282 - INFO - 截图已保存: /Users/zhangheng/Library/Containers/tvp.XP3Player.free/Data/Documents/codes/dxm-automation/logs/debug/before_filter.png
2026-01-21 17:36:05,383 - INFO - HTML已保存: /Users/zhangheng/Library/Containers/tvp.XP3Player.free/Data/Documents/codes/dxm-automation/logs/debug/before_filter.html
2026-01-21 17:36:12,420 - INFO - 方法1成功: text=/未配对SKU/
2026-01-21 17:36:14,533 - INFO - 截图已保存: /Users/zhangheng/Library/Containers/tvp.XP3Player.free/Data/Documents/codes/dxm-automation/logs/debug/after_filter.png
2026-01-21 17:36:14,643 - INFO - HTML已保存: /Users/zhangheng/Library/Containers/tvp.XP3Player.free/Data/Documents/codes/dxm-automation/logs/debug/after_filter.html
2026-01-21 17:36:14,643 - INFO - 筛选完成
2026-01-21 17:36:16,776 - INFO - 使用选择器 'table tbody tr' 找到 246 行
2026-01-21 17:36:18,334 - INFO - 找到 206 个订单
2026-01-21 17:36:18,335 - INFO - 
处理进度: 1/1
2026-01-21 17:36:18,335 - INFO - 处理订单: Tickets
2026-01-21 17:36:18,335 - WARNING - 无法解析 SKU: 
2026-01-21 17:36:18,837 - INFO - 
==================================================
2026-01-21 17:36:18,837 - INFO - 配对完成!
2026-01-21 17:36:18,837 - INFO - 成功: 0
2026-01-21 17:36:18,837 - INFO - 失败: 1
2026-01-21 17:36:18,837 - INFO - ==================================================
2026-01-21 17:38:13,431 - INFO - ==================================================
2026-01-21 17:38:13,431 - INFO - 开始自动配对流程
2026-01-21 17:38:13,431 - INFO - 日期: 0121
2026-01-21 17:38:13,431 - INFO - 最大处理数量: 1
2026-01-21 17:38:13,431 - INFO - ==================================================
2026-01-21 17:38:14,571 - INFO - 加载已保存的登录状态...
2026-01-21 17:38:15,818 - INFO - 访问订单页面: https://www.dianxiaomi.com/web/order/paid?go=m100
2026-01-21 17:38:25,401 - INFO - 筛选未配对 SKU 订单...
2026-01-21 17:38:28,529 - INFO - 截图已保存: /Users/zhangheng/Library/Containers/tvp.XP3Player.free/Data/Documents/codes/dxm-automation/logs/debug/before_filter.png
2026-01-21 17:38:28,636 - INFO - HTML已保存: /Users/zhangheng/Library/Containers/tvp.XP3Player.free/Data/Documents/codes/dxm-automation/logs/debug/before_filter.html
2026-01-21 17:38:28,878 - INFO - 方法1成功: text=/未配对SKU/
2026-01-21 17:38:30,983 - INFO - 截图已保存: /Users/zhangheng/Library/Containers/tvp.XP3Player.free/Data/Documents/codes/dxm-automation/logs/debug/after_filter.png
2026-01-21 17:38:31,086 - INFO - HTML已保存: /Users/zhangheng/Library/Containers/tvp.XP3Player.free/Data/Documents/codes/dxm-automation/logs/debug/after_filter.html
2026-01-21 17:38:31,086 - INFO - 筛选完成
2026-01-21 17:38:33,222 - INFO - 使用选择器 'table tbody tr' 找到 246 行
2026-01-21 17:38:34,587 - INFO - 找到 100 个订单
2026-01-21 17:38:34,587 - INFO - 
处理进度: 1/1
2026-01-21 17:38:34,587 - INFO - 处理订单: 2745922-758314
2026-01-21 17:38:34,588 - WARNING - 无法解析 SKU: 
2026-01-21 17:38:35,090 - INFO - 
==================================================
2026-01-21 17:38:35,090 - INFO - 配对完成!
2026-01-21 17:38:35,090 - INFO - 成功: 0
2026-01-21 17:38:35,090 - INFO - 失败: 1
2026-01-21 17:38:35,090 - INFO - ==================================================
2026-01-21 17:41:00,086 - INFO - ==================================================
2026-01-21 17:41:00,086 - INFO - 开始自动配对流程
2026-01-21 17:41:00,086 - INFO - 日期: 0121
2026-01-21 17:41:00,086 - INFO - 最大处理数量: 1
2026-01-21 17:41:00,086 - INFO - ==================================================
2026-01-21 17:41:01,240 - INFO - 加载已保存的登录状态...
2026-01-21 17:41:02,915 - INFO - 访问订单页面: https://www.dianxiaomi.com/web/order/paid?go=m100
2026-01-21 17:41:12,075 - INFO - 筛选未配对 SKU 订单...
2026-01-21 17:41:15,198 - INFO - 截图已保存: /Users/zhangheng/Library/Containers/tvp.XP3Player.free/Data/Documents/codes/dxm-automation/logs/debug/before_filter.png
2026-01-21 17:41:15,305 - INFO - HTML已保存: /Users/zhangheng/Library/Containers/tvp.XP3Player.free/Data/Documents/codes/dxm-automation/logs/debug/before_filter.html
2026-01-21 17:41:15,546 - INFO - 方法1成功: text=/未配对SKU/
2026-01-21 17:41:17,649 - INFO - 截图已保存: /Users/zhangheng/Library/Containers/tvp.XP3Player.free/Data/Documents/codes/dxm-automation/logs/debug/after_filter.png
2026-01-21 17:41:17,749 - INFO - HTML已保存: /Users/zhangheng/Library/Containers/tvp.XP3Player.free/Data/Documents/codes/dxm-automation/logs/debug/after_filter.html
2026-01-21 17:41:17,749 - INFO - 筛选完成
2026-01-21 17:41:19,874 - INFO - 使用选择器 'table tbody tr' 找到 246 行
2026-01-21 17:41:21,273 - INFO - 找到 100 个订单
2026-01-21 17:41:21,273 - INFO - 
处理进度: 1/1
2026-01-21 17:41:21,273 - INFO - 处理订单: 2745922-758314
2026-01-21 17:41:21,273 - INFO - 打开订单详情: 2745922-758314
2026-01-21 17:41:22,994 - INFO - 点击配对商品SKU按钮...
2026-01-21 17:41:24,609 - WARNING - 订单 2745922-758314 缺少 Name1
2026-01-21 17:41:25,111 - INFO - 
==================================================
2026-01-21 17:41:25,111 - INFO - 配对完成!
2026-01-21 17:41:25,111 - INFO - 成功: 0
2026-01-21 17:41:25,111 - INFO - 失败: 1
2026-01-21 17:41:25,111 - INFO - ==================================================
2026-01-21 17:45:14,508 - INFO - ==================================================
2026-01-21 17:45:14,508 - INFO - 开始自动配对流程
2026-01-21 17:45:14,508 - INFO - 日期: 0121
2026-01-21 17:45:14,508 - INFO - 最大处理数量: 1
2026-01-21 17:45:14,508 - INFO - ==================================================
2026-01-21 17:45:15,666 - INFO - 加载已保存的登录状态...
2026-01-21 17:45:17,199 - INFO - 访问订单页面: https://www.dianxiaomi.com/web/order/paid?go=m100
2026-01-21 17:45:25,987 - INFO - 筛选未配对 SKU 订单...
2026-01-21 17:45:29,120 - INFO - 截图已保存: /Users/zhangheng/Library/Containers/tvp.XP3Player.free/Data/Documents/codes/dxm-automation/logs/debug/before_filter.png
2026-01-21 17:45:29,224 - INFO - HTML已保存: /Users/zhangheng/Library/Containers/tvp.XP3Player.free/Data/Documents/codes/dxm-automation/logs/debug/before_filter.html
2026-01-21 17:45:33,886 - INFO - 方法1成功: text=/未配对SKU/
2026-01-21 17:45:35,981 - INFO - 截图已保存: /Users/zhangheng/Library/Containers/tvp.XP3Player.free/Data/Documents/codes/dxm-automation/logs/debug/after_filter.png
2026-01-21 17:45:36,083 - INFO - HTML已保存: /Users/zhangheng/Library/Containers/tvp.XP3Player.free/Data/Documents/codes/dxm-automation/logs/debug/after_filter.html
2026-01-21 17:45:36,083 - INFO - 筛选完成
2026-01-21 17:45:38,198 - INFO - 使用选择器 'table tbody tr' 找到 246 行
2026-01-21 17:45:39,580 - INFO - 找到 100 个订单
2026-01-21 17:45:39,580 - INFO - 
处理进度: 1/1
2026-01-21 17:45:39,581 - INFO - 处理订单: 2745922-758314
2026-01-21 17:45:39,581 - INFO - 打开订单详情: 2745922-758314
2026-01-21 17:45:41,286 - INFO - 点击配对商品SKU按钮...
2026-01-21 17:45:43,584 - INFO - 搜索 SKU: Michael-J20-0121-Xaviar+Suzi
2026-01-21 17:45:48,587 - ERROR - 搜索 SKU 超时: Michael-J20-0121-Xaviar+Suzi
2026-01-21 17:45:49,091 - INFO - 
==================================================
2026-01-21 17:45:49,091 - INFO - 配对完成!
2026-01-21 17:45:49,091 - INFO - 成功: 0
2026-01-21 17:45:49,091 - INFO - 失败: 1
2026-01-21 17:45:49,091 - INFO - ==================================================
2026-01-21 17:53:38,931 - INFO - ==================================================
2026-01-21 17:53:38,932 - INFO - 开始自动配对流程
2026-01-21 17:53:38,932 - INFO - 日期: 0121
2026-01-21 17:53:38,932 - INFO - 最大处理数量: 1
2026-01-21 17:53:38,932 - INFO - ==================================================
2026-01-21 17:53:39,971 - INFO - 加载已保存的登录状态...
2026-01-21 17:53:41,259 - INFO - 访问订单页面: https://www.dianxiaomi.com/web/order/paid?go=m100
2026-01-21 17:53:50,912 - INFO - 筛选未配对 SKU 订单...
2026-01-21 17:53:54,013 - INFO - 截图已保存: /Users/zhangheng/Library/Containers/tvp.XP3Player.free/Data/Documents/codes/dxm-automation/logs/debug/before_filter.png
2026-01-21 17:53:54,113 - INFO - HTML已保存: /Users/zhangheng/Library/Containers/tvp.XP3Player.free/Data/Documents/codes/dxm-automation/logs/debug/before_filter.html
2026-01-21 17:53:54,350 - INFO - 方法1成功: text=/未配对SKU/
2026-01-21 17:53:56,463 - INFO - 截图已保存: /Users/zhangheng/Library/Containers/tvp.XP3Player.free/Data/Documents/codes/dxm-automation/logs/debug/after_filter.png
2026-01-21 17:53:56,560 - INFO - HTML已保存: /Users/zhangheng/Library/Containers/tvp.XP3Player.free/Data/Documents/codes/dxm-automation/logs/debug/after_filter.html
2026-01-21 17:53:56,560 - INFO - 筛选完成
2026-01-21 17:53:58,734 - INFO - 使用选择器 'table tbody tr' 找到 232 行
2026-01-21 17:53:59,852 - INFO - 找到 93 个订单
2026-01-21 17:53:59,852 - INFO - 
处理进度: 1/1
2026-01-21 17:53:59,852 - INFO - 处理订单: 5261219-58814
2026-01-21 17:53:59,852 - INFO - 打开订单详情: 5261219-58814
2026-01-21 17:54:00,545 - INFO - 点击配对商品SKU按钮...
2026-01-21 17:54:02,181 - INFO - 搜索 SKU: Michael-J20-0121-Xaviar+Suzi
2026-01-21 17:54:07,185 - ERROR - 搜索 SKU 超时: Michael-J20-0121-Xaviar+Suzi
2026-01-21 17:54:07,689 - INFO - 
==================================================
2026-01-21 17:54:07,689 - INFO - 配对完成!
2026-01-21 17:54:07,689 - INFO - 成功: 0
2026-01-21 17:54:07,689 - INFO - 失败: 1
2026-01-21 17:54:07,689 - INFO - ==================================================
2026-01-21 17:55:03,423 - INFO - ==================================================
2026-01-21 17:55:03,424 - INFO - 开始自动配对流程
2026-01-21 17:55:03,424 - INFO - 日期: 0121
2026-01-21 17:55:03,424 - INFO - 最大处理数量: 1
2026-01-21 17:55:03,424 - INFO - ==================================================
2026-01-21 17:55:04,543 - INFO - 加载已保存的登录状态...
2026-01-21 17:55:05,941 - INFO - 访问订单页面: https://www.dianxiaomi.com/web/order/paid?go=m100
2026-01-21 17:55:13,738 - INFO - 筛选未配对 SKU 订单...
2026-01-21 17:55:16,855 - INFO - 截图已保存: /Users/zhangheng/Library/Containers/tvp.XP3Player.free/Data/Documents/codes/dxm-automation/logs/debug/before_filter.png
2026-01-21 17:55:16,956 - INFO - HTML已保存: /Users/zhangheng/Library/Containers/tvp.XP3Player.free/Data/Documents/codes/dxm-automation/logs/debug/before_filter.html
2026-01-21 17:55:17,163 - INFO - 方法1成功: text=/未配对SKU/
2026-01-21 17:55:19,263 - INFO - 截图已保存: /Users/zhangheng/Library/Containers/tvp.XP3Player.free/Data/Documents/codes/dxm-automation/logs/debug/after_filter.png
2026-01-21 17:55:19,361 - INFO - HTML已保存: /Users/zhangheng/Library/Containers/tvp.XP3Player.free/Data/Documents/codes/dxm-automation/logs/debug/after_filter.html
2026-01-21 17:55:19,361 - INFO - 筛选完成
2026-01-21 17:55:21,481 - INFO - 使用选择器 'table tbody tr' 找到 232 行
2026-01-21 17:55:22,592 - INFO - 找到 93 个订单
2026-01-21 17:55:22,593 - INFO - 
处理进度: 1/1
2026-01-21 17:55:22,593 - INFO - 处理订单: 5261219-58814
2026-01-21 17:55:22,593 - INFO - 判定平台SKU: J20-G-engraved-D17-whitebox | custom_type: engraved
2026-01-21 17:55:22,593 - INFO - 打开订单详情: 5261219-58814
2026-01-21 17:55:23,281 - INFO - 点击配对商品SKU按钮...
2026-01-21 17:55:24,917 - INFO - 搜索 SKU: Michael-J20-0121-Xaviar+Suzi
2026-01-21 17:55:29,923 - ERROR - 搜索 SKU 超时: Michael-J20-0121-Xaviar+Suzi
2026-01-21 17:55:30,426 - INFO - 
==================================================
2026-01-21 17:55:30,427 - INFO - 配对完成!
2026-01-21 17:55:30,427 - INFO - 成功: 0
2026-01-21 17:55:30,427 - INFO - 失败: 1
2026-01-21 17:55:30,427 - INFO - ==================================================
2026-01-21 17:56:22,687 - INFO - ==================================================
2026-01-21 17:56:22,687 - INFO - 开始自动配对流程
2026-01-21 17:56:22,687 - INFO - 日期: 0121
2026-01-21 17:56:22,687 - INFO - 最大处理数量: 1
2026-01-21 17:56:22,687 - INFO - ==================================================
2026-01-21 17:56:23,856 - INFO - 加载已保存的登录状态...
2026-01-21 17:56:25,228 - INFO - 访问订单页面: https://www.dianxiaomi.com/web/order/paid?go=m100
2026-01-21 17:56:33,382 - INFO - 筛选未配对 SKU 订单...
2026-01-21 17:56:36,517 - INFO - 截图已保存: /Users/zhangheng/Library/Containers/tvp.XP3Player.free/Data/Documents/codes/dxm-automation/logs/debug/before_filter.png
2026-01-21 17:56:36,620 - INFO - HTML已保存: /Users/zhangheng/Library/Containers/tvp.XP3Player.free/Data/Documents/codes/dxm-automation/logs/debug/before_filter.html
2026-01-21 17:57:06,774 - WARNING - 筛选超时，可能没有未配对订单
2026-01-21 17:57:06,872 - INFO - 截图已保存: /Users/zhangheng/Library/Containers/tvp.XP3Player.free/Data/Documents/codes/dxm-automation/logs/debug/filter_timeout.png
2026-01-21 17:57:06,972 - INFO - HTML已保存: /Users/zhangheng/Library/Containers/tvp.XP3Player.free/Data/Documents/codes/dxm-automation/logs/debug/filter_timeout.html
2026-01-21 17:57:09,097 - INFO - 使用选择器 'table tbody tr' 找到 246 行
2026-01-21 17:57:10,324 - INFO - 找到 100 个订单
2026-01-21 17:57:10,324 - INFO - 
处理进度: 1/1
2026-01-21 17:57:10,324 - INFO - 处理订单: 5261219-58814
2026-01-21 17:57:10,324 - INFO - 判定平台SKU: J20-G-engraved-D17-whitebox | custom_type: engraved
2026-01-21 17:57:10,324 - INFO - 打开订单详情: 5261219-58814
2026-01-21 17:57:18,298 - INFO - 点击配对商品SKU按钮...
2026-01-21 17:57:19,993 - INFO - 搜索 SKU: Michael-J20-0121-Xaviar+Suzi
2026-01-21 17:58:05,668 - INFO - 截图已保存: /Users/zhangheng/Library/Containers/tvp.XP3Player.free/Data/Documents/codes/dxm-automation/logs/debug/pair_search_timeout.png
2026-01-21 17:58:05,792 - INFO - HTML已保存: /Users/zhangheng/Library/Containers/tvp.XP3Player.free/Data/Documents/codes/dxm-automation/logs/debug/pair_search_timeout.html
2026-01-21 17:58:05,792 - ERROR - 搜索 SKU 超时: Michael-J20-0121-Xaviar+Suzi
2026-01-21 17:58:06,294 - INFO - 
==================================================
2026-01-21 17:58:06,294 - INFO - 配对完成!
2026-01-21 17:58:06,294 - INFO - 成功: 0
2026-01-21 17:58:06,294 - INFO - 失败: 1
2026-01-21 17:58:06,294 - INFO - ==================================================
2026-01-21 17:58:57,112 - INFO - ==================================================
2026-01-21 17:58:57,112 - INFO - 开始自动配对流程
2026-01-21 17:58:57,112 - INFO - 日期: 0121
2026-01-21 17:58:57,112 - INFO - 最大处理数量: 1
2026-01-21 17:58:57,112 - INFO - ==================================================
2026-01-21 17:58:58,227 - INFO - 加载已保存的登录状态...
2026-01-21 17:58:59,444 - INFO - 访问订单页面: https://www.dianxiaomi.com/web/order/paid?go=m100
2026-01-21 17:59:07,460 - INFO - 筛选未配对 SKU 订单...
2026-01-21 17:59:10,595 - INFO - 截图已保存: /Users/zhangheng/Library/Containers/tvp.XP3Player.free/Data/Documents/codes/dxm-automation/logs/debug/before_filter.png
2026-01-21 17:59:10,696 - INFO - HTML已保存: /Users/zhangheng/Library/Containers/tvp.XP3Player.free/Data/Documents/codes/dxm-automation/logs/debug/before_filter.html
2026-01-21 17:59:40,846 - WARNING - 筛选超时，可能没有未配对订单
2026-01-21 17:59:40,934 - INFO - 截图已保存: /Users/zhangheng/Library/Containers/tvp.XP3Player.free/Data/Documents/codes/dxm-automation/logs/debug/filter_timeout.png
2026-01-21 17:59:41,036 - INFO - HTML已保存: /Users/zhangheng/Library/Containers/tvp.XP3Player.free/Data/Documents/codes/dxm-automation/logs/debug/filter_timeout.html
2026-01-21 17:59:43,163 - INFO - 使用选择器 'table tbody tr' 找到 246 行
2026-01-21 17:59:44,320 - INFO - 找到 100 个订单
2026-01-21 17:59:44,320 - INFO - 
处理进度: 1/1
2026-01-21 17:59:44,320 - INFO - 处理订单: 5261219-58814
2026-01-21 17:59:44,320 - INFO - 判定平台SKU: J20-G-engraved-D17-whitebox | custom_type: engraved
2026-01-21 17:59:44,320 - INFO - 打开订单详情: 5261219-58814
2026-01-21 18:00:14,439 - ERROR - 打开订单详情失败: 5261219-58814
2026-01-21 18:00:14,946 - INFO - 
==================================================
2026-01-21 18:00:14,946 - INFO - 配对完成!
2026-01-21 18:00:14,946 - INFO - 成功: 0
2026-01-21 18:00:14,947 - INFO - 失败: 1
2026-01-21 18:00:14,947 - INFO - ==================================================
