2026-01-21 15:59:40,863 - INFO - ==================================================
2026-01-21 15:59:40,863 - INFO - 店小秘 SKU Excel 生成脚本启动
2026-01-21 15:59:40,863 - INFO - 输入文件: 店小秘导出模版参考.xlsx
2026-01-21 15:59:40,863 - INFO - 日期: 0121
2026-01-21 15:59:40,863 - INFO - 输出目录: /Users/zhangheng/Library/Containers/tvp.XP3Player.free/Data/Documents/codes/dxm-automation/data/output
2026-01-21 15:59:40,863 - INFO - ==================================================
2026-01-21 15:59:40,863 - INFO - 读取输入文件: 店小秘导出模版参考.xlsx
2026-01-21 15:59:40,967 - INFO - 总行数: 193
2026-01-21 15:59:40,969 - INFO - Engraved 订单数: 74
2026-01-21 15:59:40,970 - INFO - 处理完成: 5261219-58814 -> Michael-J20-0121-Xaviar+Suzi
2026-01-21 15:59:40,970 - INFO - 处理完成: 5261219-58814 -> Michael-J02-0121-Taneisha+Suzi
2026-01-21 15:59:40,970 - INFO - 处理完成: 5261219-58814 -> Michael-B09-0121-John+Suzi
2026-01-21 15:59:40,970 - WARNING - 未找到卡片代码对应的 SKU: GDTR18
2026-01-21 15:59:40,970 - INFO - 处理完成: 7540612-6879 -> Michael-J20-0121-Nana+Claire
2026-01-21 15:59:40,970 - WARNING - 未找到卡片代码对应的 SKU: GDTR18
2026-01-21 15:59:40,970 - INFO - 处理完成: 7540612-6891 -> Michael-J20-0121-Tylia+Grandma
2026-01-21 15:59:40,970 - INFO - 处理完成: 5261219-59178 -> Michael-B09-0121-Jon+Lauren
2026-01-21 15:59:40,970 - WARNING - 缺少 Name1: 订单 5261219-59179
2026-01-21 15:59:40,970 - WARNING - 缺少 Name1: 订单 5261219-59180
2026-01-21 15:59:40,970 - WARNING - 缺少 Name1: 订单 5261219-59181
2026-01-21 15:59:40,970 - WARNING - 缺少 Name1: 订单 5261219-59183
2026-01-21 15:59:40,970 - WARNING - 缺少 Name1: 订单 5261219-59183
2026-01-21 15:59:40,970 - INFO - 处理完成: 5261219-59184 -> Michael-B09-0121-Jonathan+Stacey
2026-01-21 15:59:40,970 - WARNING - 缺少 Name1: 订单 5261219-59185
2026-01-21 15:59:40,970 - WARNING - 未找到卡片代码对应的 SKU: W35
2026-01-21 15:59:40,970 - INFO - 处理完成: 5261219-59186 -> Michael-B11-0121-Bill+Terri
2026-01-21 15:59:40,970 - INFO - 处理完成: 5261219-59188 -> Michael-B09-0121-James+Jo
2026-01-21 15:59:40,970 - WARNING - 缺少 Name1: 订单 5261219-59189
2026-01-21 15:59:40,970 - INFO - 处理完成: 5261219-59192 -> Michael-B09-0121-Bobby+Claire
2026-01-21 15:59:40,970 - WARNING - 缺少 Name1: 订单 5261219-59193
2026-01-21 15:59:40,970 - INFO - 处理完成: 5261219-59194 -> Michael-B09-0121-Dave+Dotty
2026-01-21 15:59:40,970 - WARNING - 缺少 Name1: 订单 5261219-59196
2026-01-21 15:59:40,971 - INFO - 处理完成: 5261219-59197 -> Michael-B09-0121-Matt+Kerry
2026-01-21 15:59:40,971 - INFO - 处理完成: 5261219-59198 -> Michael-J20-0121-ABIGAIL+VERONICA
2026-01-21 15:59:40,971 - WARNING - 缺少 Name1: 订单 5261219-59201
2026-01-21 15:59:40,971 - WARNING - 缺少 Name1: 订单 5261219-59205
2026-01-21 15:59:40,971 - WARNING - 缺少 Name1: 订单 5261219-59206
2026-01-21 15:59:40,971 - WARNING - 缺少 Name1: 订单 5261219-59207
2026-01-21 15:59:40,971 - WARNING - 缺少 Name1: 订单 5261219-59207
2026-01-21 15:59:40,971 - WARNING - 缺少 Name1: 订单 5261219-59207
2026-01-21 15:59:40,971 - INFO - 处理完成: 5261219-59208 -> Michael-B09-0121-martin+Law
2026-01-21 15:59:40,971 - INFO - 处理完成: 5261219-59210 -> Michael-B09-0121-Simon+Naomi
2026-01-21 15:59:40,971 - INFO - 处理完成: 5261219-59211 -> Michael-B09-0121-Łukasz+Anita
2026-01-21 15:59:40,971 - WARNING - 缺少 Name1: 订单 5261219-59213
2026-01-21 15:59:40,971 - WARNING - 缺少 Name1: 订单 5261219-59218
2026-01-21 15:59:40,971 - WARNING - 缺少 Name1: 订单 5261219-59220
2026-01-21 15:59:40,971 - INFO - 处理完成: 5261219-59221 -> Michael-B09-0121-Adam+Rebecca
2026-01-21 15:59:40,971 - INFO - 处理完成: 5261219-59222 -> Michael-B09-0121-Rhys+Lindsey
2026-01-21 15:59:40,971 - WARNING - 缺少 Name1: 订单 5261219-59223
2026-01-21 15:59:40,971 - WARNING - 未找到卡片代码对应的 SKU: X
2026-01-21 15:59:40,971 - INFO - 处理完成: 5261219-59224 -> Michael-J20-0121-David+Phoebe
2026-01-21 15:59:40,971 - WARNING - 缺少 Name1: 订单 5261219-59225
2026-01-21 15:59:40,971 - INFO - 处理完成: 5261219-59227 -> Michael-B09-0121-Partap+Anita
2026-01-21 15:59:40,971 - WARNING - 缺少 Name1: 订单 5261219-59228
2026-01-21 15:59:40,971 - INFO - 处理完成: 5261219-59229 -> Michael-B09-0121-Stan+MeerKat
2026-01-21 15:59:40,971 - WARNING - 缺少 Name1: 订单 5261219-59232
2026-01-21 15:59:40,972 - INFO - 处理完成: 5261219-59233 -> Michael-B09-0121-Thomas+Rachael
2026-01-21 15:59:40,972 - INFO - 处理完成: 5261219-59235 -> Michael-B09-0121-Danny+Julie
2026-01-21 15:59:40,972 - INFO - 处理完成: 5261219-59236 -> Michael-B09-0121-Chris+Sue
2026-01-21 15:59:40,972 - WARNING - 缺少 Name1: 订单 5261219-59237
2026-01-21 15:59:40,972 - INFO - 处理完成: 5261219-59238 -> Michael-B09-0121-Ian+Rachel
2026-01-21 15:59:40,972 - WARNING - 缺少 Name1: 订单 5261219-59239
2026-01-21 15:59:40,972 - WARNING - 缺少 Name1: 订单 5261219-59239
2026-01-21 15:59:40,972 - WARNING - 缺少 Name1: 订单 5261219-59241
2026-01-21 15:59:40,972 - WARNING - 缺少 Name1: 订单 5261219-59241
2026-01-21 15:59:40,972 - WARNING - 缺少 Name1: 订单 5261219-59243
2026-01-21 15:59:40,972 - INFO - 处理完成: 5261219-59244 -> Michael-B09-0121-PHANAUD+MENARD
2026-01-21 15:59:40,972 - INFO - 处理完成: 5261219-59245 -> Michael-B09-0121-Michael+Sherry
2026-01-21 15:59:40,972 - WARNING - 未找到卡片代码对应的 SKU: GDTR19
2026-01-21 15:59:40,972 - INFO - 处理完成: 5261219-59247 -> Michael-J20-0121-ZOE+NANNY
2026-01-21 15:59:40,972 - WARNING - 缺少 Name1: 订单 5261219-59250
2026-01-21 15:59:40,972 - INFO - 处理完成: 5261219-59251 -> Michael-B09-0121-Phil+Jo
2026-01-21 15:59:40,972 - WARNING - 缺少 Name1: 订单 5261219-59252
2026-01-21 15:59:40,972 - INFO - 处理完成: 5261219-59253 -> Michael-B09-0121-Paul+Joanna
2026-01-21 15:59:40,972 - INFO - 处理完成: 5261219-59255 -> Michael-B09-0121-Robert+Wendy
2026-01-21 15:59:40,972 - WARNING - 缺少 Name1: 订单 7540612-6897
2026-01-21 15:59:40,972 - INFO - 处理完成: 5261219-59256 -> Michael-B09-0121-Rachel+Curtis
2026-01-21 15:59:40,972 - WARNING - 缺少 Name1: 订单 5261219-59257
2026-01-21 15:59:40,972 - INFO - 处理完成: 5261219-59260 -> Michael-B09-0121-Sonia+Sukh
2026-01-21 15:59:40,972 - WARNING - 缺少 Name1: 订单 5261219-59264
2026-01-21 15:59:40,972 - WARNING - 缺少 Name1: 订单 5261219-59266
2026-01-21 15:59:40,972 - INFO - 处理完成: 5261219-59267 -> Michael-B09-0121-Steph+B.J ❤️
2026-01-21 15:59:40,972 - WARNING - 未找到卡片代码对应的 SKU: W7
2026-01-21 15:59:40,973 - INFO - 处理完成: 7540612-6899 -> Michael-B11-0121-Leah+John
2026-01-21 15:59:40,973 - INFO - 处理完成: 5261219-59269 -> Michael-B09-0121-My stu+claire xxx
2026-01-21 15:59:40,973 - WARNING - 缺少 Name1: 订单 7540612-6904
2026-01-21 15:59:40,973 - WARNING - 未找到卡片代码对应的 SKU: GDTR18
2026-01-21 15:59:40,973 - INFO - 处理完成: 7540612-6906 -> Michael-J20-0121-Aaliyah+Grama Patty
2026-01-21 15:59:40,973 - INFO - 处理完成: 5261219-59270 -> Michael-B09-0121-Martin+Tina
2026-01-21 15:59:40,973 - WARNING - 缺少 Name1: 订单 5261219-59271
2026-01-21 15:59:40,999 - INFO - 单个 SKU 文件已生成: /Users/zhangheng/Library/Containers/tvp.XP3Player.free/Data/Documents/codes/dxm-automation/data/output/output_单个SKU_20260121_155940.xlsx (38 条)
2026-01-21 15:59:40,999 - INFO - 组合 SKU 文件已生成: /Users/zhangheng/Library/Containers/tvp.XP3Player.free/Data/Documents/codes/dxm-automation/data/output/output_组合SKU_20260121_155940.xlsx (71 条)
2026-01-21 15:59:40,999 - INFO - 处理完成!
2026-01-21 16:04:25,754 - INFO - ==================================================
2026-01-21 16:04:25,755 - INFO - 店小秘 SKU Excel 生成脚本启动
2026-01-21 16:04:25,755 - INFO - 输入文件: 店小秘导出模版参考.xlsx
2026-01-21 16:04:25,755 - INFO - 日期: 0121
2026-01-21 16:04:25,755 - INFO - 输出目录: /Users/zhangheng/Library/Containers/tvp.XP3Player.free/Data/Documents/codes/dxm-automation/data/output
2026-01-21 16:04:25,755 - INFO - ==================================================
2026-01-21 16:04:25,755 - INFO - 读取输入文件: 店小秘导出模版参考.xlsx
2026-01-21 16:04:25,858 - INFO - 总行数: 193
2026-01-21 16:04:25,860 - INFO - Engraved 订单数: 74
2026-01-21 16:04:25,860 - INFO - 处理完成: 5261219-58814 -> Michael-J20-0121-Xaviar+Suzi
2026-01-21 16:04:25,860 - INFO - 处理完成: 5261219-58814 -> Michael-J02-0121-Taneisha+Suzi
2026-01-21 16:04:25,860 - INFO - 处理完成: 5261219-58814 -> Michael-B09-0121-John+Suzi
2026-01-21 16:04:25,860 - INFO - 处理完成: 7540612-6879 -> Michael-J20-0121-Nana+Claire
2026-01-21 16:04:25,860 - INFO - 处理完成: 7540612-6891 -> Michael-J20-0121-Tylia+Grandma
2026-01-21 16:04:25,861 - INFO - 处理完成: 5261219-59178 -> Michael-B09-0121-Jon+Lauren
2026-01-21 16:04:25,861 - WARNING - 缺少 Name1: 订单 5261219-59179
2026-01-21 16:04:25,861 - WARNING - 缺少 Name1: 订单 5261219-59180
2026-01-21 16:04:25,861 - WARNING - 缺少 Name1: 订单 5261219-59181
2026-01-21 16:04:25,861 - WARNING - 缺少 Name1: 订单 5261219-59183
2026-01-21 16:04:25,861 - WARNING - 缺少 Name1: 订单 5261219-59183
2026-01-21 16:04:25,861 - INFO - 处理完成: 5261219-59184 -> Michael-B09-0121-Jonathan+Stacey
2026-01-21 16:04:25,861 - WARNING - 缺少 Name1: 订单 5261219-59185
2026-01-21 16:04:25,861 - INFO - 处理完成: 5261219-59186 -> Michael-B11-0121-Bill+Terri
2026-01-21 16:04:25,861 - INFO - 处理完成: 5261219-59188 -> Michael-B09-0121-James+Jo
2026-01-21 16:04:25,861 - WARNING - 缺少 Name1: 订单 5261219-59189
2026-01-21 16:04:25,861 - INFO - 处理完成: 5261219-59192 -> Michael-B09-0121-Bobby+Claire
2026-01-21 16:04:25,861 - WARNING - 缺少 Name1: 订单 5261219-59193
2026-01-21 16:04:25,861 - INFO - 处理完成: 5261219-59194 -> Michael-B09-0121-Dave+Dotty
2026-01-21 16:04:25,861 - WARNING - 缺少 Name1: 订单 5261219-59196
2026-01-21 16:04:25,861 - INFO - 处理完成: 5261219-59197 -> Michael-B09-0121-Matt+Kerry
2026-01-21 16:04:25,861 - INFO - 处理完成: 5261219-59198 -> Michael-J20-0121-ABIGAIL+VERONICA
2026-01-21 16:04:25,861 - WARNING - 缺少 Name1: 订单 5261219-59201
2026-01-21 16:04:25,861 - WARNING - 缺少 Name1: 订单 5261219-59205
2026-01-21 16:04:25,861 - WARNING - 缺少 Name1: 订单 5261219-59206
2026-01-21 16:04:25,861 - WARNING - 缺少 Name1: 订单 5261219-59207
2026-01-21 16:04:25,861 - WARNING - 缺少 Name1: 订单 5261219-59207
2026-01-21 16:04:25,861 - WARNING - 缺少 Name1: 订单 5261219-59207
2026-01-21 16:04:25,861 - INFO - 处理完成: 5261219-59208 -> Michael-B09-0121-martin+Law
2026-01-21 16:04:25,861 - INFO - 处理完成: 5261219-59210 -> Michael-B09-0121-Simon+Naomi
2026-01-21 16:04:25,862 - INFO - 处理完成: 5261219-59211 -> Michael-B09-0121-Łukasz+Anita
2026-01-21 16:04:25,862 - WARNING - 缺少 Name1: 订单 5261219-59213
2026-01-21 16:04:25,862 - WARNING - 缺少 Name1: 订单 5261219-59218
2026-01-21 16:04:25,862 - WARNING - 缺少 Name1: 订单 5261219-59220
2026-01-21 16:04:25,862 - INFO - 处理完成: 5261219-59221 -> Michael-B09-0121-Adam+Rebecca
2026-01-21 16:04:25,862 - INFO - 处理完成: 5261219-59222 -> Michael-B09-0121-Rhys+Lindsey
2026-01-21 16:04:25,862 - WARNING - 缺少 Name1: 订单 5261219-59223
2026-01-21 16:04:25,862 - WARNING - 未找到卡片代码对应的 SKU: X
2026-01-21 16:04:25,862 - INFO - 处理完成: 5261219-59224 -> Michael-J20-0121-David+Phoebe
2026-01-21 16:04:25,862 - WARNING - 缺少 Name1: 订单 5261219-59225
2026-01-21 16:04:25,862 - INFO - 处理完成: 5261219-59227 -> Michael-B09-0121-Partap+Anita
2026-01-21 16:04:25,862 - WARNING - 缺少 Name1: 订单 5261219-59228
2026-01-21 16:04:25,862 - INFO - 处理完成: 5261219-59229 -> Michael-B09-0121-Stan+MeerKat
2026-01-21 16:04:25,862 - WARNING - 缺少 Name1: 订单 5261219-59232
2026-01-21 16:04:25,862 - INFO - 处理完成: 5261219-59233 -> Michael-B09-0121-Thomas+Rachael
2026-01-21 16:04:25,862 - INFO - 处理完成: 5261219-59235 -> Michael-B09-0121-Danny+Julie
2026-01-21 16:04:25,862 - INFO - 处理完成: 5261219-59236 -> Michael-B09-0121-Chris+Sue
2026-01-21 16:04:25,862 - WARNING - 缺少 Name1: 订单 5261219-59237
2026-01-21 16:04:25,862 - INFO - 处理完成: 5261219-59238 -> Michael-B09-0121-Ian+Rachel
2026-01-21 16:04:25,862 - WARNING - 缺少 Name1: 订单 5261219-59239
2026-01-21 16:04:25,862 - WARNING - 缺少 Name1: 订单 5261219-59239
2026-01-21 16:04:25,862 - WARNING - 缺少 Name1: 订单 5261219-59241
2026-01-21 16:04:25,862 - WARNING - 缺少 Name1: 订单 5261219-59241
2026-01-21 16:04:25,862 - WARNING - 缺少 Name1: 订单 5261219-59243
2026-01-21 16:04:25,862 - INFO - 处理完成: 5261219-59244 -> Michael-B09-0121-PHANAUD+MENARD
2026-01-21 16:04:25,863 - INFO - 处理完成: 5261219-59245 -> Michael-B09-0121-Michael+Sherry
2026-01-21 16:04:25,863 - INFO - 处理完成: 5261219-59247 -> Michael-J20-0121-ZOE+NANNY
2026-01-21 16:04:25,863 - WARNING - 缺少 Name1: 订单 5261219-59250
2026-01-21 16:04:25,863 - INFO - 处理完成: 5261219-59251 -> Michael-B09-0121-Phil+Jo
2026-01-21 16:04:25,863 - WARNING - 缺少 Name1: 订单 5261219-59252
2026-01-21 16:04:25,863 - INFO - 处理完成: 5261219-59253 -> Michael-B09-0121-Paul+Joanna
2026-01-21 16:04:25,863 - INFO - 处理完成: 5261219-59255 -> Michael-B09-0121-Robert+Wendy
2026-01-21 16:04:25,863 - WARNING - 缺少 Name1: 订单 7540612-6897
2026-01-21 16:04:25,863 - INFO - 处理完成: 5261219-59256 -> Michael-B09-0121-Rachel+Curtis
2026-01-21 16:04:25,863 - WARNING - 缺少 Name1: 订单 5261219-59257
2026-01-21 16:04:25,863 - INFO - 处理完成: 5261219-59260 -> Michael-B09-0121-Sonia+Sukh
2026-01-21 16:04:25,863 - WARNING - 缺少 Name1: 订单 5261219-59264
2026-01-21 16:04:25,863 - WARNING - 缺少 Name1: 订单 5261219-59266
2026-01-21 16:04:25,863 - INFO - 处理完成: 5261219-59267 -> Michael-B09-0121-Steph+B.J ❤️
2026-01-21 16:04:25,863 - WARNING - 未找到卡片代码对应的 SKU: W7
2026-01-21 16:04:25,863 - INFO - 处理完成: 7540612-6899 -> Michael-B11-0121-Leah+John
2026-01-21 16:04:25,863 - INFO - 处理完成: 5261219-59269 -> Michael-B09-0121-My stu+claire xxx
2026-01-21 16:04:25,863 - WARNING - 缺少 Name1: 订单 7540612-6904
2026-01-21 16:04:25,863 - INFO - 处理完成: 7540612-6906 -> Michael-J20-0121-Aaliyah+Grama Patty
2026-01-21 16:04:25,863 - INFO - 处理完成: 5261219-59270 -> Michael-B09-0121-Martin+Tina
2026-01-21 16:04:25,863 - WARNING - 缺少 Name1: 订单 5261219-59271
2026-01-21 16:04:25,890 - INFO - 单个 SKU 文件已生成: /Users/zhangheng/Library/Containers/tvp.XP3Player.free/Data/Documents/codes/dxm-automation/data/output/output_单个SKU_20260121_160425.xlsx (38 条)
2026-01-21 16:04:25,891 - INFO - 组合 SKU 文件已生成: /Users/zhangheng/Library/Containers/tvp.XP3Player.free/Data/Documents/codes/dxm-automation/data/output/output_组合SKU_20260121_160425.xlsx (76 条)
2026-01-21 16:04:25,891 - INFO - 处理完成!
